<?xml version="1.0" encoding="UTF-8"?>
<testsuite xmlns:xsi="http://www.w3.org/2001/XMLSchema-instance" xsi:noNamespaceSchemaLocation="https://maven.apache.org/surefire/maven-failsafe-plugin/xsd/failsafe-test-report-3.0.xsd" version="3.0" name="com.endava.calculator.CalculatorTestIT" time="0.477" tests="37" errors="0" skipped="0" failures="0">
  <properties>
[...]
</properties>
  <testcase name="shouldMultiplyGivenOneOperandIs0(int, int)[1]" classname="com.endava.calculator.CalculatorTestIT" time="0.099">
    <system-out><![CDATA[Before All
Before Each
02:04:42.902 [main] INFO  com.endava.extensions.TestReporterExtension - Starting test CalculatorTestIT/shouldMultiplyGivenOneOperandIs0 [1] 10, 0
0
02:04:42.938 [main] INFO  com.endava.extensions.TestReporterExtension - Finishing test CalculatorTestIT/shouldMultiplyGivenOneOperandIs0 [1] 10, 0
After Each


]]></system-out>
  </testcase>
  <testcase name="shouldMultiplyGivenOneOperandIs0(int, int)[2]" classname="com.endava.calculator.CalculatorTestIT" time="0">
    <system-out><![CDATA[Before Each
02:04:42.954 [main] INFO  com.endava.extensions.TestReporterExtension - Starting test CalculatorTestIT/shouldMultiplyGivenOneOperandIs0 [2] 0, 10
0
02:04:42.954 [main] INFO  com.endava.extensions.TestReporterExtension - Finishing test CalculatorTestIT/shouldMultiplyGivenOneOperandIs0 [2] 0, 10
After Each


]]></system-out>
  </testcase>
  <testcase name="shouldMultiplyGivenOneOperandIs0(int, int)[3]" classname="com.endava.calculator.CalculatorTestIT" time="0.003">
    <system-out><![CDATA[Before Each
02:04:42.970 [main] INFO  com.endava.extensions.TestReporterExtension - Starting test CalculatorTestIT/shouldMultiplyGivenOneOperandIs0 [3] -2, 0
0
02:04:42.971 [main] INFO  com.endava.extensions.TestReporterExtension - Finishing test CalculatorTestIT/shouldMultiplyGivenOneOperandIs0 [3] -2, 0
After Each


]]></system-out>
  </testcase>
  <testcase name="shouldMultiplyGivenOneOperandIs0(int, int)[4]" classname="com.endava.calculator.CalculatorTestIT" time="0.003">
    <system-out><![CDATA[Before Each
02:04:42.974 [main] INFO  com.endava.extensions.TestReporterExtension - Starting test CalculatorTestIT/shouldMultiplyGivenOneOperandIs0 [4] 0, -2
0
02:04:42.976 [main] INFO  com.endava.extensions.TestReporterExtension - Finishing test CalculatorTestIT/shouldMultiplyGivenOneOperandIs0 [4] 0, -2
After Each


]]></system-out>
  </testcase>
  <testcase name="shouldMultiplyNoOperands" classname="com.endava.calculator.CalculatorTestIT" time="0.002">
    <system-out><![CDATA[Before Each
02:04:42.979 [main] INFO  com.endava.extensions.TestReporterExtension - Starting test CalculatorTestIT/shouldMultiplyNoOperands shouldMultiplyNoOperands()
1
02:04:42.981 [main] INFO  com.endava.extensions.TestReporterExtension - Finishing test CalculatorTestIT/shouldMultiplyNoOperands shouldMultiplyNoOperands()
After Each


]]></system-out>
  </testcase>
  <testcase name="shouldMultiplyGivenVeryBigNumbers" classname="com.endava.calculator.CalculatorTestIT" time="0.004">
    <system-out><![CDATA[Before Each
02:04:42.983 [main] INFO  com.endava.extensions.TestReporterExtension - Starting test CalculatorTestIT/shouldMultiplyGivenVeryBigNumbers shouldMultiplyGivenVeryBigNumbers()
4294967294
02:04:42.984 [main] INFO  com.endava.extensions.TestReporterExtension - Finishing test CalculatorTestIT/shouldMultiplyGivenVeryBigNumbers shouldMultiplyGivenVeryBigNumbers()
After Each


]]></system-out>
  </testcase>
  <testcase name="shouldMultiplyGivenFloatingNumbers(double, double)[1]" classname="com.endava.calculator.CalculatorTestIT" time="0.001">
    <system-out><![CDATA[Before Each
02:04:42.990 [main] INFO  com.endava.extensions.TestReporterExtension - Starting test CalculatorTestIT/shouldMultiplyGivenFloatingNumbers [1] 2.2, 4.3
9.46
02:04:42.990 [main] INFO  com.endava.extensions.TestReporterExtension - Finishing test CalculatorTestIT/shouldMultiplyGivenFloatingNumbers [1] 2.2, 4.3
After Each


]]></system-out>
  </testcase>
  <testcase name="shouldMultiplyGivenFloatingNumbers(double, double)[2]" classname="com.endava.calculator.CalculatorTestIT" time="0">
    <system-out><![CDATA[Before Each
02:04:42.996 [main] INFO  com.endava.extensions.TestReporterExtension - Starting test CalculatorTestIT/shouldMultiplyGivenFloatingNumbers [2] -2.2, 4
-8.8
02:04:42.996 [main] INFO  com.endava.extensions.TestReporterExtension - Finishing test CalculatorTestIT/shouldMultiplyGivenFloatingNumbers [2] -2.2, 4
After Each


]]></system-out>
  </testcase>
  <testcase name="shouldMultiplyGivenFloatingNumbers(double, double)[3]" classname="com.endava.calculator.CalculatorTestIT" time="0">
    <system-out><![CDATA[Before Each
02:04:42.996 [main] INFO  com.endava.extensions.TestReporterExtension - Starting test CalculatorTestIT/shouldMultiplyGivenFloatingNumbers [3] 2.2, -4
-8.8
02:04:42.996 [main] INFO  com.endava.extensions.TestReporterExtension - Finishing test CalculatorTestIT/shouldMultiplyGivenFloatingNumbers [3] 2.2, -4
After Each


]]></system-out>
  </testcase>
  <testcase name="shouldMultiplyGivenNegativeNumbers" classname="com.endava.calculator.CalculatorTestIT" time="0">
    <system-out><![CDATA[Before Each
02:04:42.996 [main] INFO  com.endava.extensions.TestReporterExtension - Starting test CalculatorTestIT/shouldMultiplyGivenNegativeNumbers shouldMultiplyGivenNegativeNumbers()
8
02:04:42.996 [main] INFO  com.endava.extensions.TestReporterExtension - Finishing test CalculatorTestIT/shouldMultiplyGivenNegativeNumbers shouldMultiplyGivenNegativeNumbers()
After Each


]]></system-out>
  </testcase>
  <testcase name="shouldFactorialGivenNIsZero" classname="com.endava.calculator.CalculatorTestIT" time="0">
    <system-out><![CDATA[Before Each
02:04:42.996 [main] INFO  com.endava.extensions.TestReporterExtension - Starting test CalculatorTestIT/shouldFactorialGivenNIsZero shouldFactorialGivenNIsZero()
1
02:04:42.996 [main] INFO  com.endava.extensions.TestReporterExtension - Finishing test CalculatorTestIT/shouldFactorialGivenNIsZero shouldFactorialGivenNIsZero()
After Each


]]></system-out>
  </testcase>
  <testcase name="shouldPowGivenNegativeExponent" classname="com.endava.calculator.CalculatorTestIT" time="0">
    <system-out><![CDATA[Before Each
02:04:42.996 [main] INFO  com.endava.extensions.TestReporterExtension - Starting test CalculatorTestIT/shouldPowGivenNegativeExponent shouldPowGivenNegativeExponent()
0.25
02:04:42.996 [main] INFO  com.endava.extensions.TestReporterExtension - Finishing test CalculatorTestIT/shouldPowGivenNegativeExponent shouldPowGivenNegativeExponent()
After Each


]]></system-out>
  </testcase>
  <testcase name="shouldPowGivenFloatingBase" classname="com.endava.calculator.CalculatorTestIT" time="0.017">
    <system-out><![CDATA[Before Each
02:04:43.011 [main] INFO  com.endava.extensions.TestReporterExtension - Starting test CalculatorTestIT/shouldPowGivenFloatingBase shouldPowGivenFloatingBase()
10.648
02:04:43.012 [main] INFO  com.endava.extensions.TestReporterExtension - Finishing test CalculatorTestIT/shouldPowGivenFloatingBase shouldPowGivenFloatingBase()
After Each


]]></system-out>
  </testcase>
  <testcase name="shouldPowGivenExponentIsZero" classname="com.endava.calculator.CalculatorTestIT" time="0">
    <system-out><![CDATA[Before Each
02:04:43.014 [main] INFO  com.endava.extensions.TestReporterExtension - Starting test CalculatorTestIT/shouldPowGivenExponentIsZero shouldPowGivenExponentIsZero()
1.0
02:04:43.014 [main] INFO  com.endava.extensions.TestReporterExtension - Finishing test CalculatorTestIT/shouldPowGivenExponentIsZero shouldPowGivenExponentIsZero()
After Each


]]></system-out>
  </testcase>
  <testcase name="shouldAddNoOperands" classname="com.endava.calculator.CalculatorTestIT" time="0">
    <system-out><![CDATA[Before Each
02:04:43.014 [main] INFO  com.endava.extensions.TestReporterExtension - Starting test CalculatorTestIT/shouldAddNoOperands shouldAddNoOperands()
0
02:04:43.014 [main] INFO  com.endava.extensions.TestReporterExtension - Finishing test CalculatorTestIT/shouldAddNoOperands shouldAddNoOperands()
After Each


]]></system-out>
  </testcase>
  <testcase name="shouldAddGivenNegativeNumbers(int, int)[1]" classname="com.endava.calculator.CalculatorTestIT" time="0">
    <system-out><![CDATA[Before Each
02:04:43.014 [main] INFO  com.endava.extensions.TestReporterExtension - Starting test CalculatorTestIT/shouldAddGivenNegativeNumbers [1] -2, -4
-6
02:04:43.014 [main] INFO  com.endava.extensions.TestReporterExtension - Finishing test CalculatorTestIT/shouldAddGivenNegativeNumbers [1] -2, -4
After Each


]]></system-out>
  </testcase>
  <testcase name="shouldAddGivenNegativeNumbers(int, int)[2]" classname="com.endava.calculator.CalculatorTestIT" time="0.016">
    <system-out><![CDATA[Before Each
02:04:43.014 [main] INFO  com.endava.extensions.TestReporterExtension - Starting test CalculatorTestIT/shouldAddGivenNegativeNumbers [2] -3, -8
-11
02:04:43.030 [main] INFO  com.endava.extensions.TestReporterExtension - Finishing test CalculatorTestIT/shouldAddGivenNegativeNumbers [2] -3, -8
After Each


]]></system-out>
  </testcase>
  <testcase name="shouldAddMoreThanTwoOperands(int, int, int)[1]" classname="com.endava.calculator.CalculatorTestIT" time="0.002">
    <system-out><![CDATA[Before Each
02:04:43.180 [main] INFO  com.endava.extensions.TestReporterExtension - Starting test CalculatorTestIT/shouldAddMoreThanTwoOperands [1] 1, 2, 3
6
02:04:43.181 [main] INFO  com.endava.extensions.TestReporterExtension - Finishing test CalculatorTestIT/shouldAddMoreThanTwoOperands [1] 1, 2, 3
After Each


]]></system-out>
  </testcase>
  <testcase name="shouldAddMoreThanTwoOperands(int, int, int)[2]" classname="com.endava.calculator.CalculatorTestIT" time="0.001">
    <system-out><![CDATA[Before Each
02:04:43.183 [main] INFO  com.endava.extensions.TestReporterExtension - Starting test CalculatorTestIT/shouldAddMoreThanTwoOperands [2] 2, 4, 5
11
02:04:43.184 [main] INFO  com.endava.extensions.TestReporterExtension - Finishing test CalculatorTestIT/shouldAddMoreThanTwoOperands [2] 2, 4, 5
After Each


]]></system-out>
  </testcase>
  <testcase name="shouldAddMoreThanTwoOperands(int, int, int)[3]" classname="com.endava.calculator.CalculatorTestIT" time="0.002">
    <system-out><![CDATA[Before Each
02:04:43.186 [main] INFO  com.endava.extensions.TestReporterExtension - Starting test CalculatorTestIT/shouldAddMoreThanTwoOperands [3] 6, 7, 8
21
02:04:43.186 [main] INFO  com.endava.extensions.TestReporterExtension - Finishing test CalculatorTestIT/shouldAddMoreThanTwoOperands [3] 6, 7, 8
After Each


]]></system-out>
  </testcase>
  <testcase name="shouldAddMoreThanTwoOperands(int, int, int)[4]" classname="com.endava.calculator.CalculatorTestIT" time="0">
    <system-out><![CDATA[Before Each
02:04:43.189 [main] INFO  com.endava.extensions.TestReporterExtension - Starting test CalculatorTestIT/shouldAddMoreThanTwoOperands [4] 1, 2, 3
6
02:04:43.189 [main] INFO  com.endava.extensions.TestReporterExtension - Finishing test CalculatorTestIT/shouldAddMoreThanTwoOperands [4] 1, 2, 3
After Each


]]></system-out>
  </testcase>
  <testcase name="shouldAddMoreThanTwoOperands(int, int, int)[5]" classname="com.endava.calculator.CalculatorTestIT" time="0">
    <system-out><![CDATA[Before Each
02:04:43.189 [main] INFO  com.endava.extensions.TestReporterExtension - Starting test CalculatorTestIT/shouldAddMoreThanTwoOperands [5] 2, 4, 5
11
02:04:43.189 [main] INFO  com.endava.extensions.TestReporterExtension - Finishing test CalculatorTestIT/shouldAddMoreThanTwoOperands [5] 2, 4, 5
After Each


]]></system-out>
  </testcase>
  <testcase name="shouldAddNumbersGivenOperand0(int, int)[1]" classname="com.endava.calculator.CalculatorTestIT" time="0">
    <system-out><![CDATA[Before Each
02:04:43.196 [main] INFO  com.endava.extensions.TestReporterExtension - Starting test CalculatorTestIT/shouldAddNumbersGivenOperand0 [1] 0, 2
2
02:04:43.196 [main] INFO  com.endava.extensions.TestReporterExtension - Finishing test CalculatorTestIT/shouldAddNumbersGivenOperand0 [1] 0, 2
After Each


]]></system-out>
  </testcase>
  <testcase name="shouldAddNumbersGivenOperand0(int, int)[2]" classname="com.endava.calculator.CalculatorTestIT" time="0">
    <system-out><![CDATA[Before Each
02:04:43.196 [main] INFO  com.endava.extensions.TestReporterExtension - Starting test CalculatorTestIT/shouldAddNumbersGivenOperand0 [2] 2, 0
2
02:04:43.196 [main] INFO  com.endava.extensions.TestReporterExtension - Finishing test CalculatorTestIT/shouldAddNumbersGivenOperand0 [2] 2, 0
After Each


]]></system-out>
  </testcase>
  <testcase name="shouldMultiplyOneOperand" classname="com.endava.calculator.CalculatorTestIT" time="0">
    <system-out><![CDATA[Before Each
02:04:43.196 [main] INFO  com.endava.extensions.TestReporterExtension - Starting test CalculatorTestIT/shouldMultiplyOneOperand shouldMultiplyOneOperand()
10
02:04:43.196 [main] INFO  com.endava.extensions.TestReporterExtension - Finishing test CalculatorTestIT/shouldMultiplyOneOperand shouldMultiplyOneOperand()
After Each


]]></system-out>
  </testcase>
  <testcase name="shouldFactorialGivenNIsSmallNaturalNumber(int)[1]" classname="com.endava.calculator.CalculatorTestIT" time="0">
    <system-out><![CDATA[Before Each
02:04:43.211 [main] INFO  com.endava.extensions.TestReporterExtension - Starting test CalculatorTestIT/shouldFactorialGivenNIsSmallNaturalNumber [1] 2
2
02:04:43.211 [main] INFO  com.endava.extensions.TestReporterExtension - Finishing test CalculatorTestIT/shouldFactorialGivenNIsSmallNaturalNumber [1] 2
After Each


]]></system-out>
  </testcase>
  <testcase name="shouldFactorialGivenNIsSmallNaturalNumber(int)[2]" classname="com.endava.calculator.CalculatorTestIT" time="0">
    <system-out><![CDATA[Before Each
02:04:43.211 [main] INFO  com.endava.extensions.TestReporterExtension - Starting test CalculatorTestIT/shouldFactorialGivenNIsSmallNaturalNumber [2] 8
40320
02:04:43.211 [main] INFO  com.endava.extensions.TestReporterExtension - Finishing test CalculatorTestIT/shouldFactorialGivenNIsSmallNaturalNumber [2] 8
After Each


]]></system-out>
  </testcase>
  <testcase name="shouldFactorialGivenNIsSmallNaturalNumber(int)[3]" classname="com.endava.calculator.CalculatorTestIT" time="0">
    <system-out><![CDATA[Before Each
02:04:43.211 [main] INFO  com.endava.extensions.TestReporterExtension - Starting test CalculatorTestIT/shouldFactorialGivenNIsSmallNaturalNumber [3] 20
2432902008176640000
02:04:43.211 [main] INFO  com.endava.extensions.TestReporterExtension - Finishing test CalculatorTestIT/shouldFactorialGivenNIsSmallNaturalNumber [3] 20
After Each


]]></system-out>
  </testcase>
  <testcase name="shouldAddGivenVeryBigNumbers" classname="com.endava.calculator.CalculatorTestIT" time="0">
    <system-out><![CDATA[Before Each
02:04:43.211 [main] INFO  com.endava.extensions.TestReporterExtension - Starting test CalculatorTestIT/shouldAddGivenVeryBigNumbers shouldAddGivenVeryBigNumbers()
2147483648
02:04:43.211 [main] INFO  com.endava.extensions.TestReporterExtension - Finishing test CalculatorTestIT/shouldAddGivenVeryBigNumbers shouldAddGivenVeryBigNumbers()
After Each


]]></system-out>
  </testcase>
  <testcase name="shouldMultiplyGivenOneNegativeOperand(int, int)[1]" classname="com.endava.calculator.CalculatorTestIT" time="0">
    <system-out><![CDATA[Before Each
02:04:43.211 [main] INFO  com.endava.extensions.TestReporterExtension - Starting test CalculatorTestIT/shouldMultiplyGivenOneNegativeOperand [1] -2, 4
-8
02:04:43.211 [main] INFO  com.endava.extensions.TestReporterExtension - Finishing test CalculatorTestIT/shouldMultiplyGivenOneNegativeOperand [1] -2, 4
After Each


]]></system-out>
  </testcase>
  <testcase name="shouldMultiplyGivenOneNegativeOperand(int, int)[2]" classname="com.endava.calculator.CalculatorTestIT" time="0.002">
    <system-out><![CDATA[Before Each
02:04:43.228 [main] INFO  com.endava.extensions.TestReporterExtension - Starting test CalculatorTestIT/shouldMultiplyGivenOneNegativeOperand [2] 4, -2
-8
02:04:43.229 [main] INFO  com.endava.extensions.TestReporterExtension - Finishing test CalculatorTestIT/shouldMultiplyGivenOneNegativeOperand [2] 4, -2
After Each


]]></system-out>
  </testcase>
  <testcase name="shouldAddOneOperand" classname="com.endava.calculator.CalculatorTestIT" time="0.002">
    <system-out><![CDATA[Before Each
02:04:43.230 [main] INFO  com.endava.extensions.TestReporterExtension - Starting test CalculatorTestIT/shouldAddOneOperand shouldAddOneOperand()
167
02:04:43.231 [main] INFO  com.endava.extensions.TestReporterExtension - Finishing test CalculatorTestIT/shouldAddOneOperand shouldAddOneOperand()
After Each


]]></system-out>
  </testcase>
  <testcase name="shouldPowGivenNegativeBase" classname="com.endava.calculator.CalculatorTestIT" time="0.002">
    <system-out><![CDATA[Before Each
02:04:43.233 [main] INFO  com.endava.extensions.TestReporterExtension - Starting test CalculatorTestIT/shouldPowGivenNegativeBase shouldPowGivenNegativeBase()
-8.0
02:04:43.233 [main] INFO  com.endava.extensions.TestReporterExtension - Finishing test CalculatorTestIT/shouldPowGivenNegativeBase shouldPowGivenNegativeBase()
After Each


]]></system-out>
  </testcase>
  <testcase name="shouldMultiplyMoreThanTwoOperands(int, int, int)[1]" classname="com.endava.calculator.CalculatorTestIT" time="0.001">
    <system-out><![CDATA[Before Each
02:04:43.237 [main] INFO  com.endava.extensions.TestReporterExtension - Starting test CalculatorTestIT/shouldMultiplyMoreThanTwoOperands [1] 1, 2, 3
6
02:04:43.238 [main] INFO  com.endava.extensions.TestReporterExtension - Finishing test CalculatorTestIT/shouldMultiplyMoreThanTwoOperands [1] 1, 2, 3
After Each


]]></system-out>
  </testcase>
  <testcase name="shouldMultiplyMoreThanTwoOperands(int, int, int)[2]" classname="com.endava.calculator.CalculatorTestIT" time="0.002">
    <system-out><![CDATA[Before Each
02:04:43.240 [main] INFO  com.endava.extensions.TestReporterExtension - Starting test CalculatorTestIT/shouldMultiplyMoreThanTwoOperands [2] 1, 2, -3
-6
02:04:43.240 [main] INFO  com.endava.extensions.TestReporterExtension - Finishing test CalculatorTestIT/shouldMultiplyMoreThanTwoOperands [2] 1, 2, -3
After Each


]]></system-out>
  </testcase>
  <testcase name="shouldMultiplyMoreThanTwoOperands(int, int, int)[3]" classname="com.endava.calculator.CalculatorTestIT" time="0.001">
    <system-out><![CDATA[Before Each
02:04:43.242 [main] INFO  com.endava.extensions.TestReporterExtension - Starting test CalculatorTestIT/shouldMultiplyMoreThanTwoOperands [3] -2, -4, 5
40
02:04:43.243 [main] INFO  com.endava.extensions.TestReporterExtension - Finishing test CalculatorTestIT/shouldMultiplyMoreThanTwoOperands [3] -2, -4, 5
After Each


]]></system-out>
  </testcase>
  <testcase name="shouldPowGivenBaseIsZero" classname="com.endava.calculator.CalculatorTestIT" time="0.002">
    <system-out><![CDATA[Before Each
02:04:43.245 [main] INFO  com.endava.extensions.TestReporterExtension - Starting test CalculatorTestIT/shouldPowGivenBaseIsZero shouldPowGivenBaseIsZero()
0.0
02:04:43.245 [main] INFO  com.endava.extensions.TestReporterExtension - Finishing test CalculatorTestIT/shouldPowGivenBaseIsZero shouldPowGivenBaseIsZero()
After Each


]]></system-out>
  </testcase>
</testsuite>