<?xml version="1.0" encoding="UTF-8"?>
<testsuite xmlns:xsi="http://www.w3.org/2001/XMLSchema-instance" xsi:noNamespaceSchemaLocation="https://maven.apache.org/surefire/maven-failsafe-plugin/xsd/failsafe-test-report-3.0.xsd" version="3.0" name="com.endava.calculator.CalculatorTestIT" time="0.306" tests="33" errors="0" skipped="0" failures="0">
  <properties>
[...]
</properties>
  <testcase name="shouldMultiplyGivenOneOperandIs0(int, int)[1]" classname="com.endava.calculator.CalculatorTestIT" time="0.061">
    <system-out><![CDATA[Before All
Before Each
01:49:58.959 [main] INFO  com.endava.extensions.TestReporterExtension - Starting test CalculatorTestIT/shouldMultiplyGivenOneOperandIs0 [1] 10, 0
0
01:49:58.984 [main] INFO  com.endava.extensions.TestReporterExtension - Finishing test CalculatorTestIT/shouldMultiplyGivenOneOperandIs0 [1] 10, 0
After Each


]]></system-out>
  </testcase>
  <testcase name="shouldMultiplyGivenOneOperandIs0(int, int)[2]" classname="com.endava.calculator.CalculatorTestIT" time="0.002">
    <system-out><![CDATA[Before Each
01:49:58.996 [main] INFO  com.endava.extensions.TestReporterExtension - Starting test CalculatorTestIT/shouldMultiplyGivenOneOperandIs0 [2] 0, 10
0
01:49:58.997 [main] INFO  com.endava.extensions.TestReporterExtension - Finishing test CalculatorTestIT/shouldMultiplyGivenOneOperandIs0 [2] 0, 10
After Each


]]></system-out>
  </testcase>
  <testcase name="shouldMultiplyGivenOneOperandIs0(int, int)[3]" classname="com.endava.calculator.CalculatorTestIT" time="0.002">
    <system-out><![CDATA[Before Each
01:49:59.001 [main] INFO  com.endava.extensions.TestReporterExtension - Starting test CalculatorTestIT/shouldMultiplyGivenOneOperandIs0 [3] -2, 0
0
01:49:59.001 [main] INFO  com.endava.extensions.TestReporterExtension - Finishing test CalculatorTestIT/shouldMultiplyGivenOneOperandIs0 [3] -2, 0
After Each


]]></system-out>
  </testcase>
  <testcase name="shouldMultiplyGivenOneOperandIs0(int, int)[4]" classname="com.endava.calculator.CalculatorTestIT" time="0.002">
    <system-out><![CDATA[Before Each
01:49:59.005 [main] INFO  com.endava.extensions.TestReporterExtension - Starting test CalculatorTestIT/shouldMultiplyGivenOneOperandIs0 [4] 0, -2
0
01:49:59.006 [main] INFO  com.endava.extensions.TestReporterExtension - Finishing test CalculatorTestIT/shouldMultiplyGivenOneOperandIs0 [4] 0, -2
After Each


]]></system-out>
  </testcase>
  <testcase name="shouldMultiplyNoOperands" classname="com.endava.calculator.CalculatorTestIT" time="0.002">
    <system-out><![CDATA[Before Each
01:49:59.009 [main] INFO  com.endava.extensions.TestReporterExtension - Starting test CalculatorTestIT/shouldMultiplyNoOperands shouldMultiplyNoOperands()
1
01:49:59.010 [main] INFO  com.endava.extensions.TestReporterExtension - Finishing test CalculatorTestIT/shouldMultiplyNoOperands shouldMultiplyNoOperands()
After Each


]]></system-out>
  </testcase>
  <testcase name="shouldMultiplyGivenVeryBigNumbers" classname="com.endava.calculator.CalculatorTestIT" time="0.002">
    <system-out><![CDATA[Before Each
01:49:59.012 [main] INFO  com.endava.extensions.TestReporterExtension - Starting test CalculatorTestIT/shouldMultiplyGivenVeryBigNumbers shouldMultiplyGivenVeryBigNumbers()
4294967294
01:49:59.012 [main] INFO  com.endava.extensions.TestReporterExtension - Finishing test CalculatorTestIT/shouldMultiplyGivenVeryBigNumbers shouldMultiplyGivenVeryBigNumbers()
After Each


]]></system-out>
  </testcase>
  <testcase name="shouldMultiplyGivenFloatingNumbers" classname="com.endava.calculator.CalculatorTestIT" time="0.003">
    <system-out><![CDATA[Before Each
01:49:59.014 [main] INFO  com.endava.extensions.TestReporterExtension - Starting test CalculatorTestIT/shouldMultiplyGivenFloatingNumbers shouldMultiplyGivenFloatingNumbers()
9.46
01:49:59.016 [main] INFO  com.endava.extensions.TestReporterExtension - Finishing test CalculatorTestIT/shouldMultiplyGivenFloatingNumbers shouldMultiplyGivenFloatingNumbers()
After Each


]]></system-out>
  </testcase>
  <testcase name="shouldMultiplyGivenNegativeNumbers" classname="com.endava.calculator.CalculatorTestIT" time="0.001">
    <system-out><![CDATA[Before Each
01:49:59.018 [main] INFO  com.endava.extensions.TestReporterExtension - Starting test CalculatorTestIT/shouldMultiplyGivenNegativeNumbers shouldMultiplyGivenNegativeNumbers()
8
01:49:59.018 [main] INFO  com.endava.extensions.TestReporterExtension - Finishing test CalculatorTestIT/shouldMultiplyGivenNegativeNumbers shouldMultiplyGivenNegativeNumbers()
After Each


]]></system-out>
  </testcase>
  <testcase name="shouldFactorialGivenNIsZero" classname="com.endava.calculator.CalculatorTestIT" time="0.002">
    <system-out><![CDATA[Before Each
01:49:59.020 [main] INFO  com.endava.extensions.TestReporterExtension - Starting test CalculatorTestIT/shouldFactorialGivenNIsZero shouldFactorialGivenNIsZero()
1
01:49:59.020 [main] INFO  com.endava.extensions.TestReporterExtension - Finishing test CalculatorTestIT/shouldFactorialGivenNIsZero shouldFactorialGivenNIsZero()
After Each


]]></system-out>
  </testcase>
  <testcase name="shouldPowGivenNegativeExponent" classname="com.endava.calculator.CalculatorTestIT" time="0.002">
    <system-out><![CDATA[Before Each
01:49:59.022 [main] INFO  com.endava.extensions.TestReporterExtension - Starting test CalculatorTestIT/shouldPowGivenNegativeExponent shouldPowGivenNegativeExponent()
0.25
01:49:59.022 [main] INFO  com.endava.extensions.TestReporterExtension - Finishing test CalculatorTestIT/shouldPowGivenNegativeExponent shouldPowGivenNegativeExponent()
After Each


]]></system-out>
  </testcase>
  <testcase name="shouldPowGivenFloatingBase" classname="com.endava.calculator.CalculatorTestIT" time="0.002">
    <system-out><![CDATA[Before Each
01:49:59.024 [main] INFO  com.endava.extensions.TestReporterExtension - Starting test CalculatorTestIT/shouldPowGivenFloatingBase shouldPowGivenFloatingBase()
10.648
01:49:59.025 [main] INFO  com.endava.extensions.TestReporterExtension - Finishing test CalculatorTestIT/shouldPowGivenFloatingBase shouldPowGivenFloatingBase()
After Each


]]></system-out>
  </testcase>
  <testcase name="shouldPowGivenExponentIsZero" classname="com.endava.calculator.CalculatorTestIT" time="0.002">
    <system-out><![CDATA[Before Each
01:49:59.026 [main] INFO  com.endava.extensions.TestReporterExtension - Starting test CalculatorTestIT/shouldPowGivenExponentIsZero shouldPowGivenExponentIsZero()
1.0
01:49:59.027 [main] INFO  com.endava.extensions.TestReporterExtension - Finishing test CalculatorTestIT/shouldPowGivenExponentIsZero shouldPowGivenExponentIsZero()
After Each


]]></system-out>
  </testcase>
  <testcase name="shouldAddNoOperands" classname="com.endava.calculator.CalculatorTestIT" time="0.001">
    <system-out><![CDATA[Before Each
01:49:59.030 [main] INFO  com.endava.extensions.TestReporterExtension - Starting test CalculatorTestIT/shouldAddNoOperands shouldAddNoOperands()
0
01:49:59.030 [main] INFO  com.endava.extensions.TestReporterExtension - Finishing test CalculatorTestIT/shouldAddNoOperands shouldAddNoOperands()
After Each


]]></system-out>
  </testcase>
  <testcase name="shouldAddGivenNegativeNumbers" classname="com.endava.calculator.CalculatorTestIT" time="0.001">
    <system-out><![CDATA[Before Each
01:49:59.032 [main] INFO  com.endava.extensions.TestReporterExtension - Starting test CalculatorTestIT/shouldAddGivenNegativeNumbers shouldAddGivenNegativeNumbers()
-6
01:49:59.032 [main] INFO  com.endava.extensions.TestReporterExtension - Finishing test CalculatorTestIT/shouldAddGivenNegativeNumbers shouldAddGivenNegativeNumbers()
After Each


]]></system-out>
  </testcase>
  <testcase name="shouldAddMoreThanTwoOperands(int, int, int)[1]" classname="com.endava.calculator.CalculatorTestIT" time="0.065">
    <system-out><![CDATA[Before Each
01:49:59.116 [main] INFO  com.endava.extensions.TestReporterExtension - Starting test CalculatorTestIT/shouldAddMoreThanTwoOperands [1] 1, 2, 3
6
01:49:59.117 [main] INFO  com.endava.extensions.TestReporterExtension - Finishing test CalculatorTestIT/shouldAddMoreThanTwoOperands [1] 1, 2, 3
After Each


]]></system-out>
  </testcase>
  <testcase name="shouldAddMoreThanTwoOperands(int, int, int)[2]" classname="com.endava.calculator.CalculatorTestIT" time="0.002">
    <system-out><![CDATA[Before Each
01:49:59.121 [main] INFO  com.endava.extensions.TestReporterExtension - Starting test CalculatorTestIT/shouldAddMoreThanTwoOperands [2] 2, 4, 5
11
01:49:59.122 [main] INFO  com.endava.extensions.TestReporterExtension - Finishing test CalculatorTestIT/shouldAddMoreThanTwoOperands [2] 2, 4, 5
After Each


]]></system-out>
  </testcase>
  <testcase name="shouldAddMoreThanTwoOperands(int, int, int)[3]" classname="com.endava.calculator.CalculatorTestIT" time="0.002">
    <system-out><![CDATA[Before Each
01:49:59.124 [main] INFO  com.endava.extensions.TestReporterExtension - Starting test CalculatorTestIT/shouldAddMoreThanTwoOperands [3] 6, 7, 8
21
01:49:59.124 [main] INFO  com.endava.extensions.TestReporterExtension - Finishing test CalculatorTestIT/shouldAddMoreThanTwoOperands [3] 6, 7, 8
After Each


]]></system-out>
  </testcase>
  <testcase name="shouldAddMoreThanTwoOperands(int, int, int)[4]" classname="com.endava.calculator.CalculatorTestIT" time="0.001">
    <system-out><![CDATA[Before Each
01:49:59.129 [main] INFO  com.endava.extensions.TestReporterExtension - Starting test CalculatorTestIT/shouldAddMoreThanTwoOperands [4] 1, 2, 3
6
01:49:59.129 [main] INFO  com.endava.extensions.TestReporterExtension - Finishing test CalculatorTestIT/shouldAddMoreThanTwoOperands [4] 1, 2, 3
After Each


]]></system-out>
  </testcase>
  <testcase name="shouldAddMoreThanTwoOperands(int, int, int)[5]" classname="com.endava.calculator.CalculatorTestIT" time="0.001">
    <system-out><![CDATA[Before Each
01:49:59.131 [main] INFO  com.endava.extensions.TestReporterExtension - Starting test CalculatorTestIT/shouldAddMoreThanTwoOperands [5] 2, 4, 5
11
01:49:59.132 [main] INFO  com.endava.extensions.TestReporterExtension - Finishing test CalculatorTestIT/shouldAddMoreThanTwoOperands [5] 2, 4, 5
After Each


]]></system-out>
  </testcase>
  <testcase name="shouldAddNumbersGivenOperand0(int, int)[1]" classname="com.endava.calculator.CalculatorTestIT" time="0.002">
    <system-out><![CDATA[Before Each
01:49:59.136 [main] INFO  com.endava.extensions.TestReporterExtension - Starting test CalculatorTestIT/shouldAddNumbersGivenOperand0 [1] 0, 2
2
01:49:59.137 [main] INFO  com.endava.extensions.TestReporterExtension - Finishing test CalculatorTestIT/shouldAddNumbersGivenOperand0 [1] 0, 2
After Each


]]></system-out>
  </testcase>
  <testcase name="shouldAddNumbersGivenOperand0(int, int)[2]" classname="com.endava.calculator.CalculatorTestIT" time="0.001">
    <system-out><![CDATA[Before Each
01:49:59.139 [main] INFO  com.endava.extensions.TestReporterExtension - Starting test CalculatorTestIT/shouldAddNumbersGivenOperand0 [2] 2, 0
2
01:49:59.139 [main] INFO  com.endava.extensions.TestReporterExtension - Finishing test CalculatorTestIT/shouldAddNumbersGivenOperand0 [2] 2, 0
After Each


]]></system-out>
  </testcase>
  <testcase name="shouldMultiplyOneOperand" classname="com.endava.calculator.CalculatorTestIT" time="0.001">
    <system-out><![CDATA[Before Each
01:49:59.142 [main] INFO  com.endava.extensions.TestReporterExtension - Starting test CalculatorTestIT/shouldMultiplyOneOperand shouldMultiplyOneOperand()
10
01:49:59.142 [main] INFO  com.endava.extensions.TestReporterExtension - Finishing test CalculatorTestIT/shouldMultiplyOneOperand shouldMultiplyOneOperand()
After Each


]]></system-out>
  </testcase>
  <testcase name="shouldFactorialGivenNIsSmallNaturalNumber(int)[1]" classname="com.endava.calculator.CalculatorTestIT" time="0.002">
    <system-out><![CDATA[Before Each
01:49:59.146 [main] INFO  com.endava.extensions.TestReporterExtension - Starting test CalculatorTestIT/shouldFactorialGivenNIsSmallNaturalNumber [1] 2
2
01:49:59.146 [main] INFO  com.endava.extensions.TestReporterExtension - Finishing test CalculatorTestIT/shouldFactorialGivenNIsSmallNaturalNumber [1] 2
After Each


]]></system-out>
  </testcase>
  <testcase name="shouldFactorialGivenNIsSmallNaturalNumber(int)[2]" classname="com.endava.calculator.CalculatorTestIT" time="0.003">
    <system-out><![CDATA[Before Each
01:49:59.148 [main] INFO  com.endava.extensions.TestReporterExtension - Starting test CalculatorTestIT/shouldFactorialGivenNIsSmallNaturalNumber [2] 8
40320
01:49:59.149 [main] INFO  com.endava.extensions.TestReporterExtension - Finishing test CalculatorTestIT/shouldFactorialGivenNIsSmallNaturalNumber [2] 8
After Each


]]></system-out>
  </testcase>
  <testcase name="shouldFactorialGivenNIsSmallNaturalNumber(int)[3]" classname="com.endava.calculator.CalculatorTestIT" time="0.001">
    <system-out><![CDATA[Before Each
01:49:59.151 [main] INFO  com.endava.extensions.TestReporterExtension - Starting test CalculatorTestIT/shouldFactorialGivenNIsSmallNaturalNumber [3] 20
2432902008176640000
01:49:59.152 [main] INFO  com.endava.extensions.TestReporterExtension - Finishing test CalculatorTestIT/shouldFactorialGivenNIsSmallNaturalNumber [3] 20
After Each


]]></system-out>
  </testcase>
  <testcase name="shouldAddGivenVeryBigNumbers" classname="com.endava.calculator.CalculatorTestIT" time="0.001">
    <system-out><![CDATA[Before Each
01:49:59.153 [main] INFO  com.endava.extensions.TestReporterExtension - Starting test CalculatorTestIT/shouldAddGivenVeryBigNumbers shouldAddGivenVeryBigNumbers()
2147483648
01:49:59.154 [main] INFO  com.endava.extensions.TestReporterExtension - Finishing test CalculatorTestIT/shouldAddGivenVeryBigNumbers shouldAddGivenVeryBigNumbers()
After Each


]]></system-out>
  </testcase>
  <testcase name="shouldMultiplyGivenOneNegativeOperand" classname="com.endava.calculator.CalculatorTestIT" time="0.001">
    <system-out><![CDATA[Before Each
01:49:59.155 [main] INFO  com.endava.extensions.TestReporterExtension - Starting test CalculatorTestIT/shouldMultiplyGivenOneNegativeOperand shouldMultiplyGivenOneNegativeOperand()
-8
01:49:59.156 [main] INFO  com.endava.extensions.TestReporterExtension - Finishing test CalculatorTestIT/shouldMultiplyGivenOneNegativeOperand shouldMultiplyGivenOneNegativeOperand()
After Each


]]></system-out>
  </testcase>
  <testcase name="shouldAddOneOperand" classname="com.endava.calculator.CalculatorTestIT" time="0.001">
    <system-out><![CDATA[Before Each
01:49:59.157 [main] INFO  com.endava.extensions.TestReporterExtension - Starting test CalculatorTestIT/shouldAddOneOperand shouldAddOneOperand()
167
01:49:59.158 [main] INFO  com.endava.extensions.TestReporterExtension - Finishing test CalculatorTestIT/shouldAddOneOperand shouldAddOneOperand()
After Each


]]></system-out>
  </testcase>
  <testcase name="shouldPowGivenNegativeBase" classname="com.endava.calculator.CalculatorTestIT" time="0.001">
    <system-out><![CDATA[Before Each
01:49:59.159 [main] INFO  com.endava.extensions.TestReporterExtension - Starting test CalculatorTestIT/shouldPowGivenNegativeBase shouldPowGivenNegativeBase()
-8.0
01:49:59.160 [main] INFO  com.endava.extensions.TestReporterExtension - Finishing test CalculatorTestIT/shouldPowGivenNegativeBase shouldPowGivenNegativeBase()
After Each


]]></system-out>
  </testcase>
  <testcase name="shouldMultiplyMoreThanTwoOperands(int, int, int)[1]" classname="com.endava.calculator.CalculatorTestIT" time="0.001">
    <system-out><![CDATA[Before Each
01:49:59.163 [main] INFO  com.endava.extensions.TestReporterExtension - Starting test CalculatorTestIT/shouldMultiplyMoreThanTwoOperands [1] 1, 2, 3
6
01:49:59.164 [main] INFO  com.endava.extensions.TestReporterExtension - Finishing test CalculatorTestIT/shouldMultiplyMoreThanTwoOperands [1] 1, 2, 3
After Each


]]></system-out>
  </testcase>
  <testcase name="shouldMultiplyMoreThanTwoOperands(int, int, int)[2]" classname="com.endava.calculator.CalculatorTestIT" time="0.001">
    <system-out><![CDATA[Before Each
01:49:59.165 [main] INFO  com.endava.extensions.TestReporterExtension - Starting test CalculatorTestIT/shouldMultiplyMoreThanTwoOperands [2] 1, 2, -3
-6
01:49:59.166 [main] INFO  com.endava.extensions.TestReporterExtension - Finishing test CalculatorTestIT/shouldMultiplyMoreThanTwoOperands [2] 1, 2, -3
After Each


]]></system-out>
  </testcase>
  <testcase name="shouldMultiplyMoreThanTwoOperands(int, int, int)[3]" classname="com.endava.calculator.CalculatorTestIT" time="0.001">
    <system-out><![CDATA[Before Each
01:49:59.167 [main] INFO  com.endava.extensions.TestReporterExtension - Starting test CalculatorTestIT/shouldMultiplyMoreThanTwoOperands [3] -2, -4, 5
40
01:49:59.168 [main] INFO  com.endava.extensions.TestReporterExtension - Finishing test CalculatorTestIT/shouldMultiplyMoreThanTwoOperands [3] -2, -4, 5
After Each


]]></system-out>
  </testcase>
  <testcase name="shouldPowGivenBaseIsZero" classname="com.endava.calculator.CalculatorTestIT" time="0.001">
    <system-out><![CDATA[Before Each
01:49:59.169 [main] INFO  com.endava.extensions.TestReporterExtension - Starting test CalculatorTestIT/shouldPowGivenBaseIsZero shouldPowGivenBaseIsZero()
0.0
01:49:59.170 [main] INFO  com.endava.extensions.TestReporterExtension - Finishing test CalculatorTestIT/shouldPowGivenBaseIsZero shouldPowGivenBaseIsZero()
After Each


]]></system-out>
  </testcase>
</testsuite>